<?xml version="1.0" encoding="UTF-8"?>
<testsuite name="PingPongTest" tests="1" skipped="0" failures="0" errors="0" timestamp="2015-08-10T23:03:40" hostname="epicodus-115.local" time="0.0">
  <properties/>
  <testcase name="pingPongTestResults_printPingForThree_true" classname="PingPongTest" time="0.0"/>
  <system-out><![CDATA[]]></system-out>
  <system-err><![CDATA[]]></system-err>
</testsuite>
